<?xml version="1.0" encoding="UTF-8"?>
<!-- Generated by org.testng.reporters.JUnitReportReporter -->
<testsuite skipped="0" hostname="LAPTOP-9T0OC1D4" name="org.wbl.AppTest" tests="1" failures="0" timestamp="2021-01-02T14:52:43 PST" time="0.020" errors="0">
  <testcase name="shouldAnswerWithTrue" time="0.020" classname="org.wbl.AppTest"/>
  <system-out/>
</testsuite> <!-- org.wbl.AppTest -->
